1567500183105	mozrunner::runner	INFO	Running command: "C:\\Program Files\\Mozilla Firefox\\firefox.exe" "-marionette" "-foreground" "-no-remote" "-profile" "C:\\Users\\ADMINI~1\\AppData\\Local\\Temp\\rust_mozprofile.ykTkqbFnD6Pf"
1567500183524	addons.webextension.screenshots@mozilla.org	WARN	Loading extension 'screenshots@mozilla.org': Reading manifest: Invalid extension permission: mozillaAddons
1567500183524	addons.webextension.screenshots@mozilla.org	WARN	Loading extension 'screenshots@mozilla.org': Reading manifest: Invalid extension permission: telemetry
1567500183525	addons.webextension.screenshots@mozilla.org	WARN	Loading extension 'screenshots@mozilla.org': Reading manifest: Invalid extension permission: resource://pdf.js/
1567500183525	addons.webextension.screenshots@mozilla.org	WARN	Loading extension 'screenshots@mozilla.org': Reading manifest: Invalid extension permission: about:reader*
1567500184810	Marionette	INFO	Listening on port 55139
1567500185210	Marionette	WARN	TLS certificate errors will be ignored for this session
WebGL(00000000136D1800)::ForceLoseContext
WebGL(00000000150D8000)::ForceLoseContext
[Parent 9920, Gecko_IOThread] WARNING: pipe error: 109: file z:/task_1565706750/build/src/ipc/chromium/src/chrome/common/ipc_channel_win.cc, line 341
IPDL protocol error: Handler returned error code!

###!!! [Parent][DispatchAsyncMessage] Error: PLayerTransaction::Msg_ReleaseLayer Processing error: message was deserialized, but the handler returned false (indicating failure)

IPDL protocol error: Handler returned error code!

###!!! [Parent][DispatchAsyncMessage] Error: PLayerTransaction::Msg_ReleaseLayer Processing error: message was deserialized, but the handler returned false (indicating failure)

IPDL protocol error: Handler returned error code!

###!!! [Parent][DispatchAsyncMessage] Error: PLayerTransaction::Msg_ReleaseLayer Processing error: message was deserialized, but the handler returned false (indicating failure)

IPDL protocol error: Handler returned error code!

###!!! [Parent][DispatchAsyncMessage] Error: PLayerTransaction::Msg_ReleaseLayer Processing error: message was deserialized, but the handler returned false (indicating failure)

[Parent 9920, Gecko_IOThread] WARNING: pipe error: 109: file z:/task_1565706750/build/src/ipc/chromium/src/chrome/common/ipc_channel_win.cc, line 341
[Child 9532, Chrome_ChildThread] WARNING: pipe error: 109: file z:/task_1565706750/build/src/ipc/chromium/src/chrome/common/ipc_channel_win.cc, line 341
[Child 9532, Chrome_ChildThread] WARNING: pipe error: 109: file z:/task_1565706750/build/src/ipc/chromium/src/chrome/common/ipc_channel_win.cc, line 341
[Parent 9920, Gecko_IOThread] WARNING: pipe error: 109: file z:/task_1565706750/build/src/ipc/chromium/src/chrome/common/ipc_channel_win.cc, line 341

###!!! [Child][MessageChannel] Error: (msgtype=0x530005,name=PHttpChannel::Msg_Cancel) Closed channel: cannot send/recv

[Child 9696, Chrome_ChildThread] WARNING: pipe error: 109: file z:/task_1565706750/build/src/ipc/chromium/src/chrome/common/ipc_channel_win.cc, line 341
[Parent 9920, Gecko_IOThread] WARNING: pipe error: 109: file z:/task_1565706750/build/src/ipc/chromium/src/chrome/common/ipc_channel_win.cc, line 341
[Child 9576, Chrome_ChildThread] WARNING: pipe error: 109: file z:/task_1565706750/build/src/ipc/chromium/src/chrome/common/ipc_channel_win.cc, line 341
[Child 9576, Chrome_ChildThread] WARNING: pipe error: 109: file z:/task_1565706750/build/src/ipc/chromium/src/chrome/common/ipc_channel_win.cc, line 341
1567500190884	Marionette	INFO	Stopped listening on port 55139

###!!! [Child][RunMessage] Error: Channel closing: too late to send/recv, messages will be lost

[GPU 9908, Chrome_ChildThread] WARNING: pipe error: 109: file z:/task_1565706750/build/1567500213761	mozrunner::runner	INFO	Running command: "C:\\Program Files\\Mozilla Firefox\\firefox.exe" "-marionette" "-foreground" "-no-remote" "-profile" "C:\\Users\\ADMINI~1\\AppData\\Local\\Temp\\rust_mozprofile.K8WVOL8k9URb"
1567500214111	addons.webextension.screenshots@mozilla.org	WARN	Loading extension 'screenshots@mozilla.org': Reading manifest: Invalid extension permission: mozillaAddons
1567500214111	addons.webextension.screenshots@mozilla.org	WARN	Loading extension 'screenshots@mozilla.org': Reading manifest: Invalid extension permission: telemetry
1567500214111	addons.webextension.screenshots@mozilla.org	WARN	Loading extension 'screenshots@mozilla.org': Reading manifest: Invalid extension permission: resource://pdf.js/
1567500214111	addons.webextension.screenshots@mozilla.org	WARN	Loading extension 'screenshots@mozilla.org': Reading manifest: Invalid extension permission: about:reader*
1567500215314	Marionette	INFO	Listening on port 55200
1567500215368	Marionette	WARN	TLS certificate errors will be ignored for this session
WebGL(00000000134D5000)::ForceLoseContext
WebGL(0000000015B1C800)::ForceLoseContext
[Parent 11096, Gecko_IOThread] WARNING: pipe error: 109: file z:/task_1565706750/build/src/ipc/chromium/src/chrome/common/ipc_channel_win.cc, line 341
